Running 21-proxmox-ubuntu-desktop-standard/packer/ with commands: [build home]
credentials.null.password: output will be in this color.

==> credentials.null.password: Running local shell script: /tmp/packer-shell1777146276
Build 'credentials.null.password' finished after 103 milliseconds 37 microseconds.

==> Wait completed after 103 milliseconds 115 microseconds

==> Builds finished. The artifacts of successful builds are:
--> credentials.null.password: Did not export anything. This is the null builder
build.proxmox-clone.template: output will be in this color.

==> build.proxmox-clone.template: Creating ephemeral key pair for SSH communicator...
==> build.proxmox-clone.template: Created ephemeral SSH key pair for communicator
==> build.proxmox-clone.template: Creating VM
==> build.proxmox-clone.template: Starting VM
==> build.proxmox-clone.template: Waiting for SSH to become available...
==> build.proxmox-clone.template: Connected to SSH!
==> build.proxmox-clone.template: Provisioning with Ansible...
    build.proxmox-clone.template: Setting up proxy adapter for Ansible....
==> build.proxmox-clone.template: Executing Ansible: ansible-playbook -e packer_build_name="template" -e packer_builder_type=proxmox-clone --ssh-extra-args '-o IdentitiesOnly=yes' --extra-vars hostname='ubuntu-24-04-desktop-standard' -e ansible_ssh_private_key_file=/tmp/ansible-key1419424761 -i /tmp/packer-provisioner-ansible2868520500 /home/lsampaio/git/datacenter/02-packer/21-proxmox-ubuntu-desktop-standard/ansible/template.yml
    build.proxmox-clone.template:
    build.proxmox-clone.template: PLAY [Preparing the template with the standard settings] ***********************
    build.proxmox-clone.template:
    build.proxmox-clone.template: TASK [Gathering Facts] *********************************************************
    build.proxmox-clone.template: Thursday 01 May 2025  17:14:14 -0300 (0:00:00.074)       0:00:00.074 **********
    build.proxmox-clone.template: ok: [default]
    build.proxmox-clone.template:
    build.proxmox-clone.template: TASK [template : Setting the name of the server] *******************************
    build.proxmox-clone.template: Thursday 01 May 2025  17:14:16 -0300 (0:00:01.812)       0:00:01.887 **********
    build.proxmox-clone.template: ok: [default]
    build.proxmox-clone.template:
    build.proxmox-clone.template: TASK [template : Setting the localhost name of the server] *********************
    build.proxmox-clone.template: Thursday 01 May 2025  17:14:17 -0300 (0:00:01.286)       0:00:03.173 **********
    build.proxmox-clone.template: ok: [default]
    build.proxmox-clone.template:
    build.proxmox-clone.template: TASK [template : Waiting for cloud-init / user-data to finish] *****************
    build.proxmox-clone.template: Thursday 01 May 2025  17:14:18 -0300 (0:00:00.696)       0:00:03.870 **********
    build.proxmox-clone.template: ok: [default]
    build.proxmox-clone.template:
    build.proxmox-clone.template: TASK [template : Ensure no other package operations are running] ***************
    build.proxmox-clone.template: Thursday 01 May 2025  17:14:26 -0300 (0:00:07.657)       0:00:11.528 **********
    build.proxmox-clone.template: ok: [default]
    build.proxmox-clone.template:
    build.proxmox-clone.template: TASK [template : Removing apt lock files] **************************************
    build.proxmox-clone.template: Thursday 01 May 2025  17:14:26 -0300 (0:00:00.412)       0:00:11.940 **********
    build.proxmox-clone.template: changed: [default] => (item=/var/lib/dpkg/lock)
    build.proxmox-clone.template: changed: [default] => (item=/var/lib/dpkg/lock-frontend)
    build.proxmox-clone.template:
    build.proxmox-clone.template: TASK [template : Upgrading the packages] ***************************************
    build.proxmox-clone.template: Thursday 01 May 2025  17:14:27 -0300 (0:00:00.845)       0:00:12.786 **********
    build.proxmox-clone.template: ok: [default]
    build.proxmox-clone.template:
    build.proxmox-clone.template: TASK [template : Apt packages] *************************************************
    build.proxmox-clone.template: Thursday 01 May 2025  17:14:31 -0300 (0:00:03.945)       0:00:16.732 **********
    build.proxmox-clone.template: changed: [default] => (item={'name': 'xrdp'})
    build.proxmox-clone.template: changed: [default] => (item={'name': 'libvirglrenderer1'})
    build.proxmox-clone.template: changed: [default] => (item={'name': 'dbus-x11'})
    build.proxmox-clone.template: changed: [default] => (item={'name': 'xclip'})
    build.proxmox-clone.template: changed: [default] => (item={'name': 'chrome-gnome-shell'})
    build.proxmox-clone.template: ok: [default] => (item={'name': 'ufw'})
    build.proxmox-clone.template: changed: [default] => (item={'name': 'fail2ban'})
    build.proxmox-clone.template: changed: [default] => (item={'name': 'gnupg2'})
    build.proxmox-clone.template: changed: [default] => (item={'name': 'libsecret-tools'})
    build.proxmox-clone.template: changed: [default] => (item={'name': 'sshpass'})
    build.proxmox-clone.template: ok: [default] => (item={'name': 'ethtool'})
    build.proxmox-clone.template: changed: [default] => (item={'name': 'net-tools'})
    build.proxmox-clone.template: changed: [default] => (item={'name': 'traceroute'})
    build.proxmox-clone.template: ok: [default] => (item={'name': 'whois'})
    build.proxmox-clone.template: ok: [default] => (item={'name': 'curl'})
    build.proxmox-clone.template: ok: [default] => (item={'name': 'rsyslog'})
    build.proxmox-clone.template: changed: [default] => (item={'name': 'tree'})
    build.proxmox-clone.template: changed: [default] => (item={'name': 'uuid'})
    build.proxmox-clone.template: ok: [default] => (item={'name': 'git'})
    build.proxmox-clone.template: ok: [default] => (item={'name': 'pipx'})
    build.proxmox-clone.template: ok: [default] => (item={'name': 'python3-psutil'})
    build.proxmox-clone.template: ok: [default] => (item={'name': 'python3-passlib'})
    build.proxmox-clone.template: ok: [default] => (item={'name': 'python3-jmespath'})
    build.proxmox-clone.template: changed: [default] => (item={'name': 'nikto'})
    build.proxmox-clone.template: changed: [default] => (item={'name': 'restic'})
    build.proxmox-clone.template:
    build.proxmox-clone.template: TASK [template : Manually upgrading any left over packages] ********************
    build.proxmox-clone.template: Thursday 01 May 2025  17:16:42 -0300 (0:02:11.511)       0:02:28.243 **********
    build.proxmox-clone.template: skipping: [default]
    build.proxmox-clone.template:
    build.proxmox-clone.template: TASK [template : Removing dependencies that are no longer required and unnecessary packages from the cache] ***
    build.proxmox-clone.template: Thursday 01 May 2025  17:16:42 -0300 (0:00:00.077)       0:02:28.321 **********
    build.proxmox-clone.template: skipping: [default]
    build.proxmox-clone.template:
    build.proxmox-clone.template: TASK [template : Creating the alias copy and paste in ~/.bashrc] ***************
    build.proxmox-clone.template: Thursday 01 May 2025  17:16:42 -0300 (0:00:00.064)       0:02:28.386 **********
    build.proxmox-clone.template: changed: [default]
    build.proxmox-clone.template:
    build.proxmox-clone.template: TASK [template : Setting up the forward of the display on SSH connections] *****
    build.proxmox-clone.template: Thursday 01 May 2025  17:16:43 -0300 (0:00:00.509)       0:02:28.896 **********
    build.proxmox-clone.template: changed: [default]
    build.proxmox-clone.template:
    build.proxmox-clone.template: TASK [template : Adding Google signing key] ************************************
    build.proxmox-clone.template: Thursday 01 May 2025  17:16:43 -0300 (0:00:00.506)       0:02:29.402 **********
    build.proxmox-clone.template: changed: [default]
    build.proxmox-clone.template:
    build.proxmox-clone.template: TASK [template : Adding repository into sources list] **************************
    build.proxmox-clone.template: Thursday 01 May 2025  17:16:45 -0300 (0:00:01.496)       0:02:30.899 **********
    build.proxmox-clone.template: changed: [default]
    build.proxmox-clone.template:
    build.proxmox-clone.template: TASK [template : Waiting for cloud-init / user-data to finish] *****************
    build.proxmox-clone.template: Thursday 01 May 2025  17:16:50 -0300 (0:00:05.579)       0:02:36.479 **********
    build.proxmox-clone.template: ok: [default]
    build.proxmox-clone.template:
    build.proxmox-clone.template: TASK [template : Ensure no other package operations are running] ***************
    build.proxmox-clone.template: Thursday 01 May 2025  17:16:51 -0300 (0:00:00.681)       0:02:37.160 **********
    build.proxmox-clone.template: ok: [default]
    build.proxmox-clone.template:
    build.proxmox-clone.template: TASK [template : Removing apt lock files] **************************************
    build.proxmox-clone.template: Thursday 01 May 2025  17:16:52 -0300 (0:00:00.398)       0:02:37.559 **********
    build.proxmox-clone.template: changed: [default] => (item=/var/lib/dpkg/lock)
    build.proxmox-clone.template: changed: [default] => (item=/var/lib/dpkg/lock-frontend)
    build.proxmox-clone.template:
    build.proxmox-clone.template: TASK [template : Upgrading the packages] ***************************************
    build.proxmox-clone.template: Thursday 01 May 2025  17:16:52 -0300 (0:00:00.686)       0:02:38.246 **********
    build.proxmox-clone.template: skipping: [default]
    build.proxmox-clone.template:
    build.proxmox-clone.template: TASK [template : Apt packages] *************************************************
    build.proxmox-clone.template: Thursday 01 May 2025  17:16:52 -0300 (0:00:00.068)       0:02:38.314 **********
    build.proxmox-clone.template: changed: [default] => (item={'name': 'google-chrome-stable', 'update_cache': True})
    build.proxmox-clone.template:
    build.proxmox-clone.template: TASK [template : Manually upgrading any left over packages] ********************
    build.proxmox-clone.template: Thursday 01 May 2025  17:17:15 -0300 (0:00:22.679)       0:03:00.993 **********
    build.proxmox-clone.template: skipping: [default]
    build.proxmox-clone.template:
    build.proxmox-clone.template: TASK [template : Removing dependencies that are no longer required and unnecessary packages from the cache] ***
    build.proxmox-clone.template: Thursday 01 May 2025  17:17:15 -0300 (0:00:00.087)       0:03:01.081 **********
    build.proxmox-clone.template: skipping: [default]
    build.proxmox-clone.template:
    build.proxmox-clone.template: TASK [template : Removing duplicated Google Chrome repository entry] ***********
    build.proxmox-clone.template: Thursday 01 May 2025  17:17:15 -0300 (0:00:00.086)       0:03:01.167 **********
    build.proxmox-clone.template: changed: [default]
    build.proxmox-clone.template:
    build.proxmox-clone.template: TASK [template : Adding Microsoft signing key] *********************************
    build.proxmox-clone.template: Thursday 01 May 2025  17:17:19 -0300 (0:00:04.002)       0:03:05.170 **********
    build.proxmox-clone.template: changed: [default]
    build.proxmox-clone.template:
    build.proxmox-clone.template: TASK [template : Adding repository into sources list] **************************
    build.proxmox-clone.template: Thursday 01 May 2025  17:17:20 -0300 (0:00:01.012)       0:03:06.182 **********
    build.proxmox-clone.template: changed: [default]
    build.proxmox-clone.template:
    build.proxmox-clone.template: TASK [template : Waiting for cloud-init / user-data to finish] *****************
    build.proxmox-clone.template: Thursday 01 May 2025  17:17:26 -0300 (0:00:05.870)       0:03:12.052 **********
    build.proxmox-clone.template: ok: [default]
    build.proxmox-clone.template:
    build.proxmox-clone.template: TASK [template : Ensure no other package operations are running] ***************
    build.proxmox-clone.template: Thursday 01 May 2025  17:17:27 -0300 (0:00:00.681)       0:03:12.734 **********
    build.proxmox-clone.template: ok: [default]
    build.proxmox-clone.template:
    build.proxmox-clone.template: TASK [template : Removing apt lock files] **************************************
    build.proxmox-clone.template: Thursday 01 May 2025  17:17:27 -0300 (0:00:00.400)       0:03:13.135 **********
    build.proxmox-clone.template: changed: [default] => (item=/var/lib/dpkg/lock)
    build.proxmox-clone.template: changed: [default] => (item=/var/lib/dpkg/lock-frontend)
    build.proxmox-clone.template:
    build.proxmox-clone.template: TASK [template : Upgrading the packages] ***************************************
    build.proxmox-clone.template: Thursday 01 May 2025  17:17:28 -0300 (0:00:00.682)       0:03:13.818 **********
    build.proxmox-clone.template: skipping: [default]
    build.proxmox-clone.template:
    build.proxmox-clone.template: TASK [template : Apt packages] *************************************************
    build.proxmox-clone.template: Thursday 01 May 2025  17:17:28 -0300 (0:00:00.066)       0:03:13.885 **********
    build.proxmox-clone.template: changed: [default] => (item={'name': 'code', 'update_cache': True})
    build.proxmox-clone.template:
    build.proxmox-clone.template: TASK [template : Manually upgrading any left over packages] ********************
    build.proxmox-clone.template: Thursday 01 May 2025  17:18:55 -0300 (0:01:27.223)       0:04:41.108 **********
    build.proxmox-clone.template: skipping: [default]
    build.proxmox-clone.template:
    build.proxmox-clone.template: TASK [template : Removing dependencies that are no longer required and unnecessary packages from the cache] ***
    build.proxmox-clone.template: Thursday 01 May 2025  17:18:55 -0300 (0:00:00.078)       0:04:41.187 **********
    build.proxmox-clone.template: skipping: [default]
    build.proxmox-clone.template:
    build.proxmox-clone.template: TASK [template : Adding HashiCorp signing key] *********************************
    build.proxmox-clone.template: Thursday 01 May 2025  17:18:55 -0300 (0:00:00.071)       0:04:41.258 **********
    build.proxmox-clone.template: changed: [default]
    build.proxmox-clone.template:
    build.proxmox-clone.template: TASK [template : Adding repository into sources list] **************************
    build.proxmox-clone.template: Thursday 01 May 2025  17:18:56 -0300 (0:00:00.812)       0:04:42.071 **********
    build.proxmox-clone.template: changed: [default]
    build.proxmox-clone.template:
    build.proxmox-clone.template: TASK [template : Waiting for cloud-init / user-data to finish] *****************
    build.proxmox-clone.template: Thursday 01 May 2025  17:19:02 -0300 (0:00:05.620)       0:04:47.692 **********
    build.proxmox-clone.template: ok: [default]
    build.proxmox-clone.template:
    build.proxmox-clone.template: TASK [template : Ensure no other package operations are running] ***************
    build.proxmox-clone.template: Thursday 01 May 2025  17:19:02 -0300 (0:00:00.688)       0:04:48.381 **********
    build.proxmox-clone.template: ok: [default]
    build.proxmox-clone.template:
    build.proxmox-clone.template: TASK [template : Removing apt lock files] **************************************
    build.proxmox-clone.template: Thursday 01 May 2025  17:19:03 -0300 (0:00:00.415)       0:04:48.796 **********
    build.proxmox-clone.template: changed: [default] => (item=/var/lib/dpkg/lock)
    build.proxmox-clone.template: changed: [default] => (item=/var/lib/dpkg/lock-frontend)
    build.proxmox-clone.template:
    build.proxmox-clone.template: TASK [template : Upgrading the packages] ***************************************
    build.proxmox-clone.template: Thursday 01 May 2025  17:19:04 -0300 (0:00:00.731)       0:04:49.528 **********
    build.proxmox-clone.template: skipping: [default]
    build.proxmox-clone.template:
    build.proxmox-clone.template: TASK [template : Apt packages] *************************************************
    build.proxmox-clone.template: Thursday 01 May 2025  17:19:04 -0300 (0:00:00.065)       0:04:49.594 **********
    build.proxmox-clone.template: changed: [default] => (item={'name': 'packer', 'update_cache': True})
    build.proxmox-clone.template: changed: [default] => (item={'name': 'terraform', 'update_cache': True})
    build.proxmox-clone.template:
    build.proxmox-clone.template: TASK [template : Manually upgrading any left over packages] ********************
    build.proxmox-clone.template: Thursday 01 May 2025  17:19:22 -0300 (0:00:18.041)       0:05:07.635 **********
    build.proxmox-clone.template: skipping: [default]
    build.proxmox-clone.template:
    build.proxmox-clone.template: TASK [template : Removing dependencies that are no longer required and unnecessary packages from the cache] ***
    build.proxmox-clone.template: Thursday 01 May 2025  17:19:22 -0300 (0:00:00.069)       0:05:07.705 **********
    build.proxmox-clone.template: skipping: [default]
    build.proxmox-clone.template:
    build.proxmox-clone.template: TASK [template : Force all notified handlers to run at this point, not waiting for normal sync points] ***
    build.proxmox-clone.template: Thursday 01 May 2025  17:19:22 -0300 (0:00:00.066)       0:05:07.772 **********
    build.proxmox-clone.template:
    build.proxmox-clone.template: RUNNING HANDLER [common : HashiCorp Auto Completition] *************************
    build.proxmox-clone.template: Thursday 01 May 2025  17:19:22 -0300 (0:00:00.014)       0:05:07.787 **********
    build.proxmox-clone.template: changed: [default] => (item=packer -autocomplete-install)
    build.proxmox-clone.template: changed: [default] => (item=terraform -install-autocomplete)
    build.proxmox-clone.template:
    build.proxmox-clone.template: RUNNING HANDLER [common : Restarting the SSH server] ***************************
    build.proxmox-clone.template: Thursday 01 May 2025  17:19:23 -0300 (0:00:01.556)       0:05:09.343 **********
    build.proxmox-clone.template: changed: [default]
    build.proxmox-clone.template:
    build.proxmox-clone.template: RUNNING HANDLER [common : Refresh ~/.bashrc] ***********************************
    build.proxmox-clone.template: Thursday 01 May 2025  17:19:24 -0300 (0:00:00.926)       0:05:10.270 **********
    build.proxmox-clone.template: changed: [default]
    build.proxmox-clone.template:
    build.proxmox-clone.template: TASK [template : Waiting for cloud-init / user-data to finish] *****************
    build.proxmox-clone.template: Thursday 01 May 2025  17:19:25 -0300 (0:00:00.371)       0:05:10.641 **********
    build.proxmox-clone.template: ok: [default]
    build.proxmox-clone.template:
    build.proxmox-clone.template: TASK [template : Ensure no other package operations are running] ***************
    build.proxmox-clone.template: Thursday 01 May 2025  17:19:25 -0300 (0:00:00.696)       0:05:11.337 **********
    build.proxmox-clone.template: ok: [default]
    build.proxmox-clone.template:
    build.proxmox-clone.template: TASK [template : Removing apt lock files] **************************************
    build.proxmox-clone.template: Thursday 01 May 2025  17:19:26 -0300 (0:00:00.400)       0:05:11.738 **********
    build.proxmox-clone.template: changed: [default] => (item=/var/lib/dpkg/lock)
    build.proxmox-clone.template: changed: [default] => (item=/var/lib/dpkg/lock-frontend)
    build.proxmox-clone.template:
    build.proxmox-clone.template: TASK [template : Upgrading the packages] ***************************************
    build.proxmox-clone.template: Thursday 01 May 2025  17:19:26 -0300 (0:00:00.694)       0:05:12.433 **********
    build.proxmox-clone.template: ok: [default]
    build.proxmox-clone.template:
    build.proxmox-clone.template: TASK [template : Apt packages] *************************************************
    build.proxmox-clone.template: Thursday 01 May 2025  17:19:29 -0300 (0:00:02.679)       0:05:15.112 **********
    build.proxmox-clone.template: changed: [default] => (item={'name': 'apt-transport-https'})
    build.proxmox-clone.template: ok: [default] => (item={'name': 'ca-certificates'})
    build.proxmox-clone.template: ok: [default] => (item={'name': 'curl'})
    build.proxmox-clone.template: ok: [default] => (item={'name': 'software-properties-common'})
    build.proxmox-clone.template:
    build.proxmox-clone.template: TASK [template : Manually upgrading any left over packages] ********************
    build.proxmox-clone.template: Thursday 01 May 2025  17:19:37 -0300 (0:00:07.959)       0:05:23.072 **********
    build.proxmox-clone.template: skipping: [default]
    build.proxmox-clone.template:
    build.proxmox-clone.template: TASK [template : Removing dependencies that are no longer required and unnecessary packages from the cache] ***
    build.proxmox-clone.template: Thursday 01 May 2025  17:19:37 -0300 (0:00:00.071)       0:05:23.143 **********
    build.proxmox-clone.template: skipping: [default]
    build.proxmox-clone.template:
    build.proxmox-clone.template: TASK [template : Adding Docker signing key] ************************************
    build.proxmox-clone.template: Thursday 01 May 2025  17:19:37 -0300 (0:00:00.070)       0:05:23.213 **********
    build.proxmox-clone.template: changed: [default]
    build.proxmox-clone.template:
    build.proxmox-clone.template: TASK [template : Adding repository into sources list] **************************
    build.proxmox-clone.template: Thursday 01 May 2025  17:19:38 -0300 (0:00:00.934)       0:05:24.148 **********
    build.proxmox-clone.template: changed: [default]
    build.proxmox-clone.template:
    build.proxmox-clone.template: TASK [template : Waiting for cloud-init / user-data to finish] *****************
    build.proxmox-clone.template: Thursday 01 May 2025  17:19:43 -0300 (0:00:05.287)       0:05:29.435 **********
    build.proxmox-clone.template: ok: [default]
    build.proxmox-clone.template:
    build.proxmox-clone.template: TASK [template : Ensure no other package operations are running] ***************
    build.proxmox-clone.template: Thursday 01 May 2025  17:19:44 -0300 (0:00:00.694)       0:05:30.130 **********
    build.proxmox-clone.template: ok: [default]
    build.proxmox-clone.template:
    build.proxmox-clone.template: TASK [template : Removing apt lock files] **************************************
    build.proxmox-clone.template: Thursday 01 May 2025  17:19:45 -0300 (0:00:00.406)       0:05:30.536 **********
    build.proxmox-clone.template: changed: [default] => (item=/var/lib/dpkg/lock)
    build.proxmox-clone.template: changed: [default] => (item=/var/lib/dpkg/lock-frontend)
    build.proxmox-clone.template:
    build.proxmox-clone.template: TASK [template : Upgrading the packages] ***************************************
    build.proxmox-clone.template: Thursday 01 May 2025  17:19:45 -0300 (0:00:00.710)       0:05:31.246 **********
    build.proxmox-clone.template: skipping: [default]
    build.proxmox-clone.template:
    build.proxmox-clone.template: TASK [template : Apt packages] *************************************************
    build.proxmox-clone.template: Thursday 01 May 2025  17:19:45 -0300 (0:00:00.075)       0:05:31.322 **********
    build.proxmox-clone.template: changed: [default] => (item={'name': 'docker-ce', 'install_recommends': True})
    build.proxmox-clone.template: ok: [default] => (item={'name': 'docker-ce-cli'})
    build.proxmox-clone.template: ok: [default] => (item={'name': 'containerd.io'})
    build.proxmox-clone.template: ok: [default] => (item={'name': 'docker-buildx-plugin'})
    build.proxmox-clone.template: ok: [default] => (item={'name': 'docker-compose-plugin', 'autoremove': True, 'autoclean': True})
    build.proxmox-clone.template: changed: [default] => (item={'name': 'docker-registry'})
    build.proxmox-clone.template:
    build.proxmox-clone.template: TASK [template : Manually upgrading any left over packages] ********************
    build.proxmox-clone.template: Thursday 01 May 2025  17:20:20 -0300 (0:00:35.049)       0:06:06.372 **********
    build.proxmox-clone.template: skipping: [default]
    build.proxmox-clone.template:
    build.proxmox-clone.template: TASK [template : Removing dependencies that are no longer required and unnecessary packages from the cache] ***
    build.proxmox-clone.template: Thursday 01 May 2025  17:20:20 -0300 (0:00:00.070)       0:06:06.442 **********
    build.proxmox-clone.template: skipping: [default]
    build.proxmox-clone.template:
    build.proxmox-clone.template: TASK [template : Force all notified handlers to run at this point, not waiting for normal sync points] ***
    build.proxmox-clone.template: Thursday 01 May 2025  17:20:20 -0300 (0:00:00.066)       0:06:06.509 **********
    build.proxmox-clone.template:
    build.proxmox-clone.template: RUNNING HANDLER [common : Restarting and Enabling docker] **********************
    build.proxmox-clone.template: Thursday 01 May 2025  17:20:20 -0300 (0:00:00.013)       0:06:06.522 **********
    build.proxmox-clone.template: changed: [default]
    build.proxmox-clone.template:
    build.proxmox-clone.template: TASK [template : Adding the user into the 'docker' group - usr_packer] *********
    build.proxmox-clone.template: Thursday 01 May 2025  17:20:22 -0300 (0:00:01.991)       0:06:08.514 **********
    build.proxmox-clone.template: changed: [default]
    build.proxmox-clone.template:
    build.proxmox-clone.template: TASK [template : Adding the user xrdp to group 'ssl-cert'] *********************
    build.proxmox-clone.template: Thursday 01 May 2025  17:20:23 -0300 (0:00:00.843)       0:06:09.358 **********
    build.proxmox-clone.template: changed: [default]
    build.proxmox-clone.template:
    build.proxmox-clone.template: TASK [template : Editing the startwm.sh file to avoid the Black Screen problem] ***
    build.proxmox-clone.template: Thursday 01 May 2025  17:20:24 -0300 (0:00:00.607)       0:06:09.965 **********
    build.proxmox-clone.template: changed: [default]
    build.proxmox-clone.template:
    build.proxmox-clone.template: TASK [template : Copying allow color managed device file to the target host] ***
    build.proxmox-clone.template: Thursday 01 May 2025  17:20:24 -0300 (0:00:00.353)       0:06:10.319 **********
    build.proxmox-clone.template: changed: [default]
    build.proxmox-clone.template:
    build.proxmox-clone.template: TASK [template : Setting up IPV4 as the default rule] **************************
    build.proxmox-clone.template: Thursday 01 May 2025  17:20:25 -0300 (0:00:01.043)       0:06:11.363 **********
    build.proxmox-clone.template: changed: [default]
    build.proxmox-clone.template:
    build.proxmox-clone.template: TASK [template : Ensure the ufw.log file exists] *******************************
    build.proxmox-clone.template: Thursday 01 May 2025  17:20:26 -0300 (0:00:00.350)       0:06:11.713 **********
    build.proxmox-clone.template: changed: [default]
    build.proxmox-clone.template:
    build.proxmox-clone.template: TASK [template : Managing UFW rules] *******************************************
    build.proxmox-clone.template: Thursday 01 May 2025  17:20:26 -0300 (0:00:00.354)       0:06:12.068 **********
    build.proxmox-clone.template: changed: [default] => (item={'rule': 'allow', 'name': 'OpenSSH', 'comment': 'Allow OpenSSH for All'})
    build.proxmox-clone.template: changed: [default] => (item={'rule': 'allow', 'proto': 'tcp', 'to_port': '3389', 'comment': 'Allow remote desktop connections from all internal networks'})
    build.proxmox-clone.template:
    build.proxmox-clone.template: TASK [template : Setting DENY as the default policy and enabling the UFW] ******
    build.proxmox-clone.template: Thursday 01 May 2025  17:20:28 -0300 (0:00:01.527)       0:06:13.595 **********
    build.proxmox-clone.template: changed: [default]
    build.proxmox-clone.template:
    build.proxmox-clone.template: TASK [template : Copying the jail config file to the Fail2ban folder] **********
    build.proxmox-clone.template: Thursday 01 May 2025  17:20:31 -0300 (0:00:02.951)       0:06:16.547 **********
    build.proxmox-clone.template: changed: [default] => (item={'src': 'fail2ban-ssh.conf', 'dest': '/etc/fail2ban/jail.d/ssh.conf'})
    build.proxmox-clone.template:
    build.proxmox-clone.template: TASK [template : Snap packages] ************************************************
    build.proxmox-clone.template: Thursday 01 May 2025  17:20:31 -0300 (0:00:00.701)       0:06:17.248 **********
    build.proxmox-clone.template: changed: [default] => (item={'name': 'firefox', 'state': 'absent'})
    build.proxmox-clone.template: ok: [default] => (item={'name': 'apport', 'state': 'absent', 'purge': True})
    build.proxmox-clone.template: ok: [default] => (item={'name': 'openvpn', 'state': 'absent', 'purge': True})
    build.proxmox-clone.template:
    build.proxmox-clone.template: TASK [template : Waiting for cloud-init / user-data to finish] *****************
    build.proxmox-clone.template: Thursday 01 May 2025  17:21:15 -0300 (0:00:44.271)       0:07:01.520 **********
    build.proxmox-clone.template: ok: [default]
    build.proxmox-clone.template:
    build.proxmox-clone.template: TASK [template : Ensure no other package operations are running] ***************
    build.proxmox-clone.template: Thursday 01 May 2025  17:21:16 -0300 (0:00:00.693)       0:07:02.213 **********
    build.proxmox-clone.template: ok: [default]
    build.proxmox-clone.template:
    build.proxmox-clone.template: TASK [template : Removing apt lock files] **************************************
    build.proxmox-clone.template: Thursday 01 May 2025  17:21:17 -0300 (0:00:00.403)       0:07:02.617 **********
    build.proxmox-clone.template: changed: [default] => (item=/var/lib/dpkg/lock)
    build.proxmox-clone.template: changed: [default] => (item=/var/lib/dpkg/lock-frontend)
    build.proxmox-clone.template:
    build.proxmox-clone.template: TASK [template : Upgrading the packages] ***************************************
    build.proxmox-clone.template: Thursday 01 May 2025  17:21:17 -0300 (0:00:00.709)       0:07:03.326 **********
    build.proxmox-clone.template: skipping: [default]
    build.proxmox-clone.template:
    build.proxmox-clone.template: TASK [template : Apt packages] *************************************************
    build.proxmox-clone.template: Thursday 01 May 2025  17:21:17 -0300 (0:00:00.074)       0:07:03.401 **********
    build.proxmox-clone.template: skipping: [default]
    build.proxmox-clone.template:
    build.proxmox-clone.template: TASK [template : Manually upgrading any left over packages] ********************
    build.proxmox-clone.template: Thursday 01 May 2025  17:21:17 -0300 (0:00:00.062)       0:07:03.463 **********
    build.proxmox-clone.template: skipping: [default]
    build.proxmox-clone.template:
    build.proxmox-clone.template: TASK [template : Removing dependencies that are no longer required and unnecessary packages from the cache] ***
    build.proxmox-clone.template: Thursday 01 May 2025  17:21:18 -0300 (0:00:00.068)       0:07:03.532 **********
    build.proxmox-clone.template: changed: [default]
    build.proxmox-clone.template:
    build.proxmox-clone.template: TASK [template : Removing the machine-id file] *********************************
    build.proxmox-clone.template: Thursday 01 May 2025  17:21:19 -0300 (0:00:01.137)       0:07:04.669 **********
    build.proxmox-clone.template: changed: [default] => (item=/etc/machine-id)
    build.proxmox-clone.template: changed: [default] => (item=/var/lib/dbus/machine-id)
    build.proxmox-clone.template:
    build.proxmox-clone.template: TASK [template : Creating the machine-id file] *********************************
    build.proxmox-clone.template: Thursday 01 May 2025  17:21:19 -0300 (0:00:00.693)       0:07:05.362 **********
    build.proxmox-clone.template: changed: [default]
    build.proxmox-clone.template:
    build.proxmox-clone.template: TASK [template : Searching for log and temp files that can be removed] *********
    build.proxmox-clone.template: Thursday 01 May 2025  17:21:20 -0300 (0:00:00.353)       0:07:05.716 **********
    build.proxmox-clone.template: ok: [default]
    build.proxmox-clone.template:
    build.proxmox-clone.template: TASK [template : Removing unnecessary files] ***********************************
    build.proxmox-clone.template: Thursday 01 May 2025  17:21:20 -0300 (0:00:00.531)       0:07:06.247 **********
    build.proxmox-clone.template: changed: [default] => (item=0 - /var/log/dmesg.1.gz)
    build.proxmox-clone.template: changed: [default] => (item=1 - /var/log/apt/eipp.log.xz)
    build.proxmox-clone.template:
    build.proxmox-clone.template: TASK [template : Cleaning cloud-init] ******************************************
    build.proxmox-clone.template: Thursday 01 May 2025  17:21:21 -0300 (0:00:00.769)       0:07:07.017 **********
    build.proxmox-clone.template: changed: [default]
    build.proxmox-clone.template:
    build.proxmox-clone.template: TASK [template : Removing the history of terminal commands] ********************
    build.proxmox-clone.template: Thursday 01 May 2025  17:21:22 -0300 (0:00:00.952)       0:07:07.969 **********
    build.proxmox-clone.template: changed: [default]
    build.proxmox-clone.template:
    build.proxmox-clone.template: RUNNING HANDLER [common : Restart Xrdp] ****************************************
    build.proxmox-clone.template: Thursday 01 May 2025  17:21:22 -0300 (0:00:00.393)       0:07:08.363 **********
    build.proxmox-clone.template: changed: [default]
    build.proxmox-clone.template:
    build.proxmox-clone.template: RUNNING HANDLER [common : Restarting and Enabling fail2ban] ********************
    build.proxmox-clone.template: Thursday 01 May 2025  17:21:24 -0300 (0:00:01.810)       0:07:10.174 **********
    build.proxmox-clone.template: changed: [default]
    build.proxmox-clone.template:
    build.proxmox-clone.template: PLAY RECAP *********************************************************************
    build.proxmox-clone.template: default                    : ok=66   changed=46   unreachable=0    failed=0    skipped=19   rescued=0    ignored=0
    build.proxmox-clone.template:
    build.proxmox-clone.template: Playbook run took 0 days, 0 hours, 7 minutes, 11 seconds
    build.proxmox-clone.template: Thursday 01 May 2025  17:21:25 -0300 (0:00:01.277)       0:07:11.452 **********
    build.proxmox-clone.template: ===============================================================================
    build.proxmox-clone.template: template -------------------------------------------------------------- 421.63s
    build.proxmox-clone.template: common ------------------------------------------------------------------ 7.93s
    build.proxmox-clone.template: gather_facts ------------------------------------------------------------ 1.81s
    build.proxmox-clone.template: ~~~~~~~~~~~~~~~~~~~~~~~~~~~~~~~~~~~~~~~~~~~~~~~~~~~~~~~~~~~~~~~~~~~~~~~~~~~~~~~
    build.proxmox-clone.template: total ----------------------------------------------------------------- 431.38s
==> build.proxmox-clone.template: Trying to remove ephemeral keys from authorized_keys files
==> build.proxmox-clone.template: Stopping VM
==> build.proxmox-clone.template: Converting VM to template
==> build.proxmox-clone.template: Adding a cloud-init cdrom in storage pool Ceph_Gold
Build 'build.proxmox-clone.template' finished after 8 minutes 32 seconds.

==> Wait completed after 8 minutes 32 seconds

==> Builds finished. The artifacts of successful builds are:
--> build.proxmox-clone.template: A template was created: 911
post-config.null.extra-config: output will be in this color.

==> post-config.null.extra-config: Provisioning with Ansible...
    post-config.null.extra-config: Setting up proxy adapter for Ansible....
==> post-config.null.extra-config: Executing Ansible: ansible-playbook -e packer_build_name="extra-config" -e packer_builder_type=null --extra-vars node='edge-pve-02' vm_name='ubuntu-24-04-desktop-standard' cpu_type='x86-64-v2-AES' hotplug='disk,network,cpu' -e ansible_ssh_private_key_file=/tmp/ansible-key2594017492 -i /home/lsampaio/git/datacenter/02-packer/21-proxmox-ubuntu-desktop-standard/packer/../ansible/inventory/hosts /home/lsampaio/git/datacenter/02-packer/21-proxmox-ubuntu-desktop-standard/ansible/kvm_setup.yml
    post-config.null.extra-config:
    post-config.null.extra-config: PLAY [Setting some extra configurations directly on the Proxmox node] **********
    post-config.null.extra-config:
    post-config.null.extra-config: TASK [Gathering Facts] *********************************************************
    post-config.null.extra-config: Thursday 01 May 2025  17:21:44 -0300 (0:00:00.017)       0:00:00.017 **********
    post-config.null.extra-config: ok: [edge-pve-02]
    post-config.null.extra-config:
    post-config.null.extra-config: TASK [kvm_setup : Getting VM ID by name] ***************************************
    post-config.null.extra-config: Thursday 01 May 2025  17:21:45 -0300 (0:00:01.949)       0:00:01.966 **********
    post-config.null.extra-config: ok: [edge-pve-02]
    post-config.null.extra-config:
    post-config.null.extra-config: TASK [kvm_setup : Set vm_id fact] **********************************************
    post-config.null.extra-config: Thursday 01 May 2025  17:21:47 -0300 (0:00:01.227)       0:00:03.193 **********
    post-config.null.extra-config: ok: [edge-pve-02]
    post-config.null.extra-config:
    post-config.null.extra-config: TASK [kvm_setup : Setting CPU Type] ********************************************
    post-config.null.extra-config: Thursday 01 May 2025  17:21:47 -0300 (0:00:00.127)       0:00:03.321 **********
    post-config.null.extra-config: changed: [edge-pve-02]
    post-config.null.extra-config:
    post-config.null.extra-config: TASK [kvm_setup : Setting DHCP] ************************************************
    post-config.null.extra-config: Thursday 01 May 2025  17:21:48 -0300 (0:00:01.054)       0:00:04.375 **********
    post-config.null.extra-config: changed: [edge-pve-02]
    post-config.null.extra-config:
    post-config.null.extra-config: TASK [kvm_setup : Setting Hardware HotPlug] ************************************
    post-config.null.extra-config: Thursday 01 May 2025  17:21:49 -0300 (0:00:01.060)       0:00:05.436 **********
    post-config.null.extra-config: changed: [edge-pve-02]
    post-config.null.extra-config:
    post-config.null.extra-config: PLAY RECAP *********************************************************************
    post-config.null.extra-config: edge-pve-02                : ok=6    changed=3    unreachable=0    failed=0    skipped=0    rescued=0    ignored=0
    post-config.null.extra-config:
    post-config.null.extra-config: Playbook run took 0 days, 0 hours, 0 minutes, 6 seconds
    post-config.null.extra-config: Thursday 01 May 2025  17:21:50 -0300 (0:00:01.086)       0:00:06.523 **********
    post-config.null.extra-config: ===============================================================================
    post-config.null.extra-config: kvm_setup --------------------------------------------------------------- 4.56s
    post-config.null.extra-config: gather_facts ------------------------------------------------------------ 1.95s
    post-config.null.extra-config: ~~~~~~~~~~~~~~~~~~~~~~~~~~~~~~~~~~~~~~~~~~~~~~~~~~~~~~~~~~~~~~~~~~~~~~~~~~~~~~~
    post-config.null.extra-config: total ------------------------------------------------------------------- 6.51s
Build 'post-config.null.extra-config' finished after 7 seconds 750 milliseconds.

==> Wait completed after 7 seconds 751 milliseconds

==> Builds finished. The artifacts of successful builds are:
--> post-config.null.extra-config: Did not export anything. This is the null builder
Finished 21-proxmox-ubuntu-desktop-standard/packer/
